<?xml version="1.0" encoding="UTF-8"?>
<testsuite xmlns:xsi="http://www.w3.org/2001/XMLSchema-instance" xsi:schemaLocation="https://maven.apache.org/surefire/maven-surefire-plugin/xsd/surefire-test-report.xsd" name="TestSuite" time="15.488" tests="2" errors="0" skipped="0" failures="0">
  <properties>
[...]
</properties>
  <testcase name="valodateCountry" classname="JsonValidation.ValidateJson" time="5.901"/>
  <testcase name="countNoOfWicketkeeper" classname="JsonValidation.ValidateJson" time="0.306"/>
</testsuite>