<?xml version="1.0" encoding="UTF-8"?>
<testng-results ignored="0" total="2" passed="2" failed="0" skipped="0">
  <reporter-output>
  </reporter-output>
  <suite started-at="2023-02-12T13:47:17Z" name="Suite" finished-at="2023-02-12T13:47:23Z" duration-ms="6282">
    <groups>
    </groups>
    <test started-at="2023-02-12T13:47:17Z" name="Test" finished-at="2023-02-12T13:47:23Z" duration-ms="6282">
      <class name="JsonValidation.ValidateJson">
        <test-method signature="valodateCountry()[pri:1, instance:JsonValidation.ValidateJson@6dd7b5a3]" started-at="2023-02-12T13:47:17Z" name="valodateCountry" finished-at="2023-02-12T13:47:23Z" duration-ms="5881" status="PASS">
          <reporter-output>
          </reporter-output>
        </test-method> <!-- valodateCountry -->
        <test-method signature="countNoOfWicketkeeper()[pri:2, instance:JsonValidation.ValidateJson@6dd7b5a3]" started-at="2023-02-12T13:47:23Z" name="countNoOfWicketkeeper" finished-at="2023-02-12T13:47:23Z" duration-ms="331" status="PASS">
          <reporter-output>
          </reporter-output>
        </test-method> <!-- countNoOfWicketkeeper -->
      </class> <!-- JsonValidation.ValidateJson -->
    </test> <!-- Test -->
  </suite> <!-- Suite -->
</testng-results>
