<?xml version="1.0" encoding="UTF-8"?>
<testng-results ignored="0" total="2" passed="2" failed="0" skipped="0">
  <reporter-output>
  </reporter-output>
  <suite started-at="2023-02-12T13:33:45Z" name="Default suite" finished-at="2023-02-12T13:33:50Z" duration-ms="4980">
    <groups>
    </groups>
    <test started-at="2023-02-12T13:33:45Z" name="Default test" finished-at="2023-02-12T13:33:50Z" duration-ms="4980">
      <class name="JsonValidation.ValidateJson">
        <test-method signature="valodateCountry()[pri:1, instance:JsonValidation.ValidateJson@302f7971]" started-at="2023-02-12T13:33:45Z" name="valodateCountry" finished-at="2023-02-12T13:33:49Z" duration-ms="4450" status="PASS">
          <reporter-output>
          </reporter-output>
        </test-method> <!-- valodateCountry -->
        <test-method signature="countNoOfWicketkeeper()[pri:2, instance:JsonValidation.ValidateJson@302f7971]" started-at="2023-02-12T13:33:49Z" name="countNoOfWicketkeeper" finished-at="2023-02-12T13:33:50Z" duration-ms="435" status="PASS">
          <reporter-output>
          </reporter-output>
        </test-method> <!-- countNoOfWicketkeeper -->
      </class> <!-- JsonValidation.ValidateJson -->
    </test> <!-- Default test -->
  </suite> <!-- Default suite -->
</testng-results>
